<?xml version="1.0" encoding="UTF-8"?>
<TestRun id="18b32751-717e-4ae2-8db9-15825b3051c4" name="Administrator@GF8NDXVRL48RAR7 2017-05-25 11:27:50" runUser="GF8NDXVRL48RAR7\Administrator" xmlns="http://microsoft.com/schemas/VisualStudio/TeamTest/2010">
  <TestSettings name="本地" id="e6afdb09-427d-489d-8700-b795ef82329f">
    <Description>这些设置为本地测试运行的默认测试设置。</Description>
    <Execution>
      <TestTypeSpecific />
      <AgentRule name="Execution Agents">
      </AgentRule>
    </Execution>
    <Deployment runDeploymentRoot="Administrator_GF8NDXVRL48RAR7 2017-05-25 11_27_50" />
    <Properties />
  </TestSettings>
  <Times creation="2017-05-25T11:27:50.2760035+08:00" queuing="2017-05-25T11:27:50.8120035+08:00" start="2017-05-25T11:27:50.8970035+08:00" finish="2017-05-25T11:28:01.9650035+08:00" />
  <ResultSummary outcome="Completed">
    <Counters total="1" executed="1" passed="1" error="0" failed="0" timeout="0" aborted="0" inconclusive="0" passedButRunAborted="0" notRunnable="0" notExecuted="0" disconnected="0" warning="0" completed="0" inProgress="0" pending="0" />
  </ResultSummary>
  <TestDefinitions>
    <WebTest name="WebTest1" storage="d:\documents\visual studio 2013\projects\webandloadtestproject1\webandloadtestproject1\webtest1.webtest" id="dd8949dc-4bdc-40cd-9629-5ccaf266fecd" persistedWebTest="77u/PD94bWwgdmVyc2lvbj0iMS4wIiBlbmNvZGluZz0iVVRGLTgiIHN0YW5kYWxvbmU9InllcyI/Pg0KPFdlYlRlc3QgTmFtZT0iV2ViVGVzdDEiIElkPSJkZDg5NDlkYy00YmRjLTQwY2QtOTYyOS01Y2NhZjI2NmZlY2QiIE93bmVyPSIiIFByaW9yaXR5PSIyMTQ3NDgzNjQ3IiBFbmFibGVkPSJUcnVlIiBDc3NQcm9qZWN0U3RydWN0dXJlPSIiIENzc0l0ZXJhdGlvbj0iIiBUaW1lb3V0PSIwIiBXb3JrSXRlbUlkcz0iIiB4bWxucz0iaHR0cDovL21pY3Jvc29mdC5jb20vc2NoZW1hcy9WaXN1YWxTdHVkaW8vVGVhbVRlc3QvMjAxMCIgRGVzY3JpcHRpb249IiIgQ3JlZGVudGlhbFVzZXJOYW1lPSIiIENyZWRlbnRpYWxQYXNzd29yZD0iIiBQcmVBdXRoZW50aWNhdGU9IlRydWUiIFByb3h5PSJkZWZhdWx0IiBTdG9wT25FcnJvcj0iRmFsc2UiIFJlY29yZGVkUmVzdWx0RmlsZT0iIiBSZXN1bHRzTG9jYWxlPSIiPg0KICA8SXRlbXM+DQogICAgPFJlcXVlc3QgTWV0aG9kPSJHRVQiIEd1aWQ9IjIzZWJkZWFhLWNmYWUtNDhmZC1iNGFkLWJhMDk3ODFkMTVjMCIgVmVyc2lvbj0iMS4xIiBVcmw9Imh0dHA6Ly9sb2NhbGhvc3QvIiBUaGlua1RpbWU9IjAiIFRpbWVvdXQ9IjMwMCIgUGFyc2VEZXBlbmRlbnRSZXF1ZXN0cz0iVHJ1ZSIgRm9sbG93UmVkaXJlY3RzPSJUcnVlIiBSZWNvcmRSZXN1bHQ9IlRydWUiIENhY2hlPSJGYWxzZSIgUmVzcG9uc2VUaW1lR29hbD0iMCIgRW5jb2Rpbmc9InV0Zi04IiBFeHBlY3RlZEh0dHBTdGF0dXNDb2RlPSIwIiBFeHBlY3RlZFJlc3BvbnNlVXJsPSIiIFJlcG9ydGluZ05hbWU9IiIgSWdub3JlSHR0cFN0YXR1c0NvZGU9IkZhbHNlIiAvPg0KICA8L0l0ZW1zPg0KPC9XZWJUZXN0Pg==">
      <Execution id="7b74227f-516d-486e-b7ad-dc145becaadc" />
    </WebTest>
  </TestDefinitions>
  <TestLists>
    <TestList name="列表中未列出的结果" id="8c84fa94-04c1-424b-9868-57a2d4851a1d" />
    <TestList name="所有已加载的结果" id="19431567-8539-422a-85d7-44ee4e166bda" />
  </TestLists>
  <TestEntries>
    <TestEntry isTransparent="false" testId="dd8949dc-4bdc-40cd-9629-5ccaf266fecd" executionId="7b74227f-516d-486e-b7ad-dc145becaadc" testListId="8c84fa94-04c1-424b-9868-57a2d4851a1d" />
  </TestEntries>
  <Results>
    <WebTestResult executionId="7b74227f-516d-486e-b7ad-dc145becaadc" testId="dd8949dc-4bdc-40cd-9629-5ccaf266fecd" testName="WebTest1" computerName="GF8NDXVRL48RAR7" duration="00:00:00.3437549" startTime="2017-05-25T11:27:50.9790035+08:00" endTime="2017-05-25T11:28:01.9070035+08:00" testType="4e7599fa-5ecb-43e9-a887-cd63cf72d207" outcome="Passed" testListId="8c84fa94-04c1-424b-9868-57a2d4851a1d" relativeResultsDirectory="7b74227f-516d-486e-b7ad-dc145becaadc">
      <ResultFiles>
        <ResultFile path="WebTest1.webtestResult" />
      </ResultFiles>
      <TestSettings name="本地" id="e6afdb09-427d-489d-8700-b795ef82329f">
        <Description>这些设置为本地测试运行的默认测试设置。</Description>
        <Execution>
          <TestTypeSpecific>
            <WebTestRunConfiguration testTypeId="4e7599fa-5ecb-43e9-a887-cd63cf72d207">
              <Browser name="Internet Explorer 9.0" MaxConnections="6">
                <Headers>
                  <Header name="User-Agent" value="Mozilla/5.0 (compatible; MSIE 9.0; Windows NT 6.1; Trident/5.0)" />
                  <Header name="Accept" value="*/*" />
                  <Header name="Accept-Language" value="{{$IEAcceptLanguage}}" />
                  <Header name="Accept-Encoding" value="GZIP" />
                </Headers>
              </Browser>
            </WebTestRunConfiguration>
          </TestTypeSpecific>
          <AgentRule name="Execution Agents">
          </AgentRule>
        </Execution>
        <Deployment runDeploymentRoot="Administrator_GF8NDXVRL48RAR7 2017-05-25 11_27_50" />
        <Properties />
      </TestSettings>
      <WebTestResultFilePath>Administrator_GF8NDXVRL48RAR7 2017-05-25 11_27_50\In\7b74227f-516d-486e-b7ad-dc145becaadc\WebTest1.webtestResult</WebTestResultFilePath>
    </WebTestResult>
  </Results>
</TestRun>